<?xml version="1.0" encoding="UTF-8"?>
<testsuite xmlns:xsi="http://www.w3.org/2001/XMLSchema-instance" xsi:noNamespaceSchemaLocation="https://maven.apache.org/surefire/maven-surefire-plugin/xsd/surefire-test-report.xsd" version="3.0.2" name="com.mtoaima.microservices.spring_cloud_config_server.SpringCloudConfigServerApplicationTests" time="6.287" tests="1" errors="0" skipped="0" failures="0">
  <properties>
[...]
</properties>
  <testcase name="contextLoads" classname="com.mtoaima.microservices.spring_cloud_config_server.SpringCloudConfigServerApplicationTests" time="1.184">
    <system-out><![CDATA[16:08:47.550 [main] INFO org.springframework.test.context.support.AnnotationConfigContextLoaderUtils -- Could not detect default configuration classes for test class [com.mtoaima.microservices.spring_cloud_config_server.SpringCloudConfigServerApplicationTests]: SpringCloudConfigServerApplicationTests does not declare any static, non-private, non-final, nested classes annotated with @Configuration.
16:08:47.655 [main] INFO org.springframework.boot.test.context.SpringBootTestContextBootstrapper -- Found @SpringBootConfiguration com.mtoaima.microservices.spring_cloud_config_server.SpringCloudConfigServerApplication for test class com.mtoaima.microservices.spring_cloud_config_server.SpringCloudConfigServerApplicationTests
16:08:48.042 [main] INFO org.springframework.boot.devtools.restart.RestartApplicationListener -- Restart disabled due to context in which it is running

  .   ____          _            __ _ _
 /\\ / ___'_ __ _ _(_)_ __  __ _ \ \ \ \
( ( )\___ | '_ | '_| | '_ \/ _` | \ \ \ \
 \\/  ___)| |_)| | | | | || (_| |  ) ) ) )
  '  |____| .__|_| |_|_| |_\__, | / / / /
 =========|_|==============|___/=/_/_/_/

 :: Spring Boot ::                (v3.4.3)

2025-04-29T16:08:48.569+03:00  INFO 13512 --- [config-server] [           main] .SpringCloudConfigServerApplicationTests : Starting SpringCloudConfigServerApplicationTests using Java 17.0.12 with PID 13512 (started by mtoaima in D:\Courses\BackEnd\Spring\Sb\User_Management_System\config-server)
2025-04-29T16:08:48.571+03:00  INFO 13512 --- [config-server] [           main] .SpringCloudConfigServerApplicationTests : No active profile set, falling back to 1 default profile: "default"
2025-04-29T16:08:49.644+03:00  INFO 13512 --- [config-server] [           main] o.s.cloud.context.scope.GenericScope     : BeanFactory id=916555d0-ccfe-3fbf-bfc3-a56d0a932223
2025-04-29T16:08:51.642+03:00  INFO 13512 --- [config-server] [           main] DiscoveryClientOptionalArgsConfiguration : Eureka HTTP Client uses RestTemplate.
2025-04-29T16:08:51.991+03:00  WARN 13512 --- [config-server] [           main] iguration$LoadBalancerCaffeineWarnLogger : Spring Cloud LoadBalancer is currently working with the default cache. While this cache implementation is useful for development and tests, it's recommended to use Caffeine cache in production.You can switch to using Caffeine cache, by adding it and org.springframework.cache.caffeine.CaffeineCacheManager to the classpath.
2025-04-29T16:08:52.016+03:00  INFO 13512 --- [config-server] [           main] o.s.c.n.eureka.InstanceInfoFactory       : Setting initial instance status as: STARTING
2025-04-29T16:08:52.053+03:00  INFO 13512 --- [config-server] [           main] com.netflix.discovery.DiscoveryClient    : Initializing Eureka in region us-east-1
2025-04-29T16:08:52.060+03:00  INFO 13512 --- [config-server] [           main] c.n.d.s.r.aws.ConfigClusterResolver      : Resolving eureka endpoints via configuration
2025-04-29T16:08:52.073+03:00  INFO 13512 --- [config-server] [           main] com.netflix.discovery.DiscoveryClient    : Disable delta property : false
2025-04-29T16:08:52.073+03:00  INFO 13512 --- [config-server] [           main] com.netflix.discovery.DiscoveryClient    : Single vip registry refresh property : null
2025-04-29T16:08:52.073+03:00  INFO 13512 --- [config-server] [           main] com.netflix.discovery.DiscoveryClient    : Force full registry fetch : false
2025-04-29T16:08:52.073+03:00  INFO 13512 --- [config-server] [           main] com.netflix.discovery.DiscoveryClient    : Application is null : false
2025-04-29T16:08:52.074+03:00  INFO 13512 --- [config-server] [           main] com.netflix.discovery.DiscoveryClient    : Registered Applications size is zero : true
2025-04-29T16:08:52.074+03:00  INFO 13512 --- [config-server] [           main] com.netflix.discovery.DiscoveryClient    : Application version is -1: true
2025-04-29T16:08:52.074+03:00  INFO 13512 --- [config-server] [           main] com.netflix.discovery.DiscoveryClient    : Getting all instance registry info from the eureka server
2025-04-29T16:08:52.454+03:00  INFO 13512 --- [config-server] [           main] com.netflix.discovery.DiscoveryClient    : The response status is 200
2025-04-29T16:08:52.456+03:00  INFO 13512 --- [config-server] [           main] com.netflix.discovery.DiscoveryClient    : Starting heartbeat executor: renew interval is: 30
2025-04-29T16:08:52.458+03:00  INFO 13512 --- [config-server] [           main] c.n.discovery.InstanceInfoReplicator     : InstanceInfoReplicator onDemand update allowed rate per min is 4
2025-04-29T16:08:52.469+03:00  INFO 13512 --- [config-server] [           main] com.netflix.discovery.DiscoveryClient    : Discovery Client initialized at timestamp 1745932132468 with initial instances count: 2
2025-04-29T16:08:52.473+03:00  INFO 13512 --- [config-server] [           main] o.s.c.n.e.s.EurekaServiceRegistry        : Registering application CONFIG-SERVER with eureka with status UP
2025-04-29T16:08:52.473+03:00  INFO 13512 --- [config-server] [           main] com.netflix.discovery.DiscoveryClient    : Saw local status change event StatusChangeEvent [timestamp=1745932132473, current=UP, previous=STARTING]
2025-04-29T16:08:52.476+03:00  INFO 13512 --- [config-server] [foReplicator-%d] com.netflix.discovery.DiscoveryClient    : DiscoveryClient_CONFIG-SERVER/192.168.1.4:config-server:8081: registering service...
2025-04-29T16:08:52.493+03:00  INFO 13512 --- [config-server] [           main] .SpringCloudConfigServerApplicationTests : Started SpringCloudConfigServerApplicationTests in 4.464 seconds (process running for 5.711)
2025-04-29T16:08:52.534+03:00  INFO 13512 --- [config-server] [foReplicator-%d] com.netflix.discovery.DiscoveryClient    : DiscoveryClient_CONFIG-SERVER/192.168.1.4:config-server:8081 - registration status: 204
]]></system-out>
  </testcase>
</testsuite>